Using pre-set license
Built from '2023.2/staging' branch; Version is '2023.2.20f1 (0e25a174756c) revision 927137'; Using compiler version '193431935'; Build Type 'Release'
OS: 'Windows 11  (10.0.26100) 64bit Core' Language: 'ko' Physical Memory: 16317 MB
BatchMode: 1, IsHumanControllingUs: 0, StartBugReporterOnCrash: 0, Is64bit: 1, IsPro: 1

COMMAND LINE ARGUMENTS:
C:\Program Files\Unity\Hub\Editor\2023.2.20f1\Editor\Unity.exe
-adb2
-batchMode
-noUpm
-name
AssetImportWorker2
-projectPath
C:/Users/nwond/OneDrive/바탕 화면/Famer-Simulation/Famer Simulation
-logFile
Logs/AssetImportWorker2.log
-srvPort
51865
-job-worker-count
5
-background-job-worker-count
8
-asset-garbage-collectors
1
Successfully changed project path to: C:/Users/nwond/OneDrive/바탕 화면/Famer-Simulation/Famer Simulation
C:/Users/nwond/OneDrive/바탕 화면/Famer-Simulation/Famer Simulation
[UnityMemory] Configuration Parameters - Can be set up in boot.config
    "memorysetup-bucket-allocator-granularity=16"
    "memorysetup-bucket-allocator-bucket-count=8"
    "memorysetup-bucket-allocator-block-size=33554432"
    "memorysetup-bucket-allocator-block-count=8"
    "memorysetup-main-allocator-block-size=16777216"
    "memorysetup-thread-allocator-block-size=16777216"
    "memorysetup-gfx-main-allocator-block-size=16777216"
    "memorysetup-gfx-thread-allocator-block-size=16777216"
    "memorysetup-cache-allocator-block-size=4194304"
    "memorysetup-typetree-allocator-block-size=2097152"
    "memorysetup-profiler-bucket-allocator-granularity=16"
    "memorysetup-profiler-bucket-allocator-bucket-count=8"
    "memorysetup-profiler-bucket-allocator-block-size=33554432"
    "memorysetup-profiler-bucket-allocator-block-count=8"
    "memorysetup-profiler-allocator-block-size=16777216"
    "memorysetup-profiler-editor-allocator-block-size=1048576"
    "memorysetup-temp-allocator-size-main=16777216"
    "memorysetup-job-temp-allocator-block-size=2097152"
    "memorysetup-job-temp-allocator-block-size-background=1048576"
    "memorysetup-job-temp-allocator-reduction-small-platforms=262144"
    "memorysetup-allocator-temp-initial-block-size-main=262144"
    "memorysetup-allocator-temp-initial-block-size-worker=262144"
    "memorysetup-temp-allocator-size-background-worker=32768"
    "memorysetup-temp-allocator-size-job-worker=262144"
    "memorysetup-temp-allocator-size-preload-manager=33554432"
    "memorysetup-temp-allocator-size-nav-mesh-worker=65536"
    "memorysetup-temp-allocator-size-audio-worker=65536"
    "memorysetup-temp-allocator-size-cloud-worker=32768"
    "memorysetup-temp-allocator-size-gi-baking-worker=262144"
    "memorysetup-temp-allocator-size-gi-baking-worker=262144"
    "memorysetup-temp-allocator-size-gi-baking-worker=262144"
    "memorysetup-temp-allocator-size-gi-baking-worker=262144"
    "memorysetup-temp-allocator-size-gfx=262144"
Player connection [15976] Host "[IP] 192.168.219.104 [Port] 0 [Flags] 2 [Guid] 1192774094 [EditorId] 1192774094 [Version] 1048832 [Id] WindowsEditor(7,Dinosaur) [Debug] 1 [PackageName] WindowsEditor [ProjectName] Editor" joined multi-casting on [225.0.0.222:54997]...
Player connection [15976] Host "[IP] 192.168.219.104 [Port] 0 [Flags] 2 [Guid] 1192774094 [EditorId] 1192774094 [Version] 1048832 [Id] WindowsEditor(7,Dinosaur) [Debug] 1 [PackageName] WindowsEditor [ProjectName] Editor" joined alternative multi-casting on [225.0.0.222:34997]...
JobSystem: Creating JobQueue using job-worker-count value 5
[Physics::Module] Initialized MultithreadedJobDispatcher with 5 workers.
Library Redirect Path: Library/
Refreshing native plugins compatible for Editor in 1.93 ms, found 3 plugins.
Preloading 0 native plugins for Editor in 0.00 ms.
Initialize engine version: 2023.2.20f1 (0e25a174756c)
[Subsystems] Discovering subsystems at path C:/Program Files/Unity/Hub/Editor/2023.2.20f1/Editor/Data/Resources/UnitySubsystems
[Subsystems] Discovering subsystems at path C:/Users/nwond/OneDrive/바탕 화면/Famer-Simulation/Famer Simulation/Assets
GfxDevice: creating device client; kGfxThreadingModeNonThreaded
Direct3D:
    Version:  Direct3D 11.0 [level 11.1]
    Renderer: NVIDIA GeForce RTX 3060 (ID=0x2544)
    Vendor:   NVIDIA
    VRAM:     8049 MB
    Driver:   31.0.15.2802
Initialize mono
Mono path[0] = 'C:/Program Files/Unity/Hub/Editor/2023.2.20f1/Editor/Data/Managed'
Mono path[1] = 'C:/Program Files/Unity/Hub/Editor/2023.2.20f1/Editor/Data/MonoBleedingEdge/lib/mono/unityjit-win32'
Mono config path = 'C:/Program Files/Unity/Hub/Editor/2023.2.20f1/Editor/Data/MonoBleedingEdge/etc'
Using monoOptions --debugger-agent=transport=dt_socket,embedding=1,server=y,suspend=n,address=127.0.0.1:56272
Begin MonoManager ReloadAssembly
Registering precompiled unity dll's ...
Register platform support module: C:/Program Files/Unity/Hub/Editor/2023.2.20f1/Editor/Data/PlaybackEngines/WindowsStandaloneSupport/UnityEditor.WindowsStandalone.Extensions.dll
Register platform support module: C:/Program Files/Unity/Hub/Editor/2023.2.20f1/Editor/Data/PlaybackEngines/AndroidPlayer/UnityEditor.Android.Extensions.dll
Registered in 0.004286 seconds.
- Loaded All Assemblies, in  0.418 seconds
Native extension for Android target not found
InvalidOperationException: Cannot start process because a file name has not been provided.
  at System.Diagnostics.Process.Start () [0x00024] in <021cf431c280472fb64b4fa24ddfe5f9>:0 
  at (wrapper remoting-invoke-with-check) System.Diagnostics.Process.Start()
  at UnityEditor.Android.ProgramAsShellExecute.Start (System.Diagnostics.ProcessStartInfo psi) [0x0000e] in <0494c3641848448e94810128540ecc93>:0 
  at UnityEditor.Android.Command.RunWithShellExecute (System.String command, System.String args, System.String workingdir, System.String errorMsg) [0x0003e] in <0494c3641848448e94810128540ecc93>:0 
  at UnityEditor.Android.ADB.StartServer () [0x00013] in <0494c3641848448e94810128540ecc93>:0 
  at UnityEditor.Android.ADB.Run (System.String[] command, UnityEditor.Android.Command+WaitingForProcessToExit waitingForProcessToExit, System.String errorMsg) [0x0000b] in <0494c3641848448e94810128540ecc93>:0 
  at UnityEditor.Android.AndroidDeploymentTargetsExtension.GetKnownTargets (UnityEditor.DeploymentTargets.IDeploymentTargetsMainThreadContext context, UnityEditor.ProgressHandler progressHandler) [0x002ae] in <0494c3641848448e94810128540ecc93>:0 
  at UnityEditor.Android.TargetScanWorker.ScanSync () [0x00039] in <0494c3641848448e94810128540ecc93>:0 
  at UnityEditor.Android.TargetExtension.OnUsbDevicesChanged (UnityEditor.Hardware.UsbDevice[] usbDevices) [0x00081] in <0494c3641848448e94810128540ecc93>:0 
  at UnityEditor.Android.TargetExtension.OnLoad () [0x000ad] in <0494c3641848448e94810128540ecc93>:0 
  at UnityEditor.Modules.ModuleManager.InitializePlatformSupportModules () [0x000b9] in <8f5ff83e453e49179847370b820a0398>:0 

Mono: successfully reloaded assembly
- Finished resetting the current domain, in  0.371 seconds
Domain Reload Profiling: 787ms
	BeginReloadAssembly (148ms)
		ExecutionOrderSort (0ms)
		DisableScriptedObjects (0ms)
		BackupInstance (0ms)
		ReleaseScriptingObjects (0ms)
		CreateAndSetChildDomain (1ms)
	RebuildCommonClasses (39ms)
	RebuildNativeTypeToScriptingClass (13ms)
	initialDomainReloadingComplete (49ms)
	LoadAllAssembliesAndSetupDomain (167ms)
		LoadAssemblies (145ms)
		RebuildTransferFunctionScriptingTraits (0ms)
		AnalyzeDomain (164ms)
			TypeCache.Refresh (162ms)
				TypeCache.ScanAssembly (148ms)
			BuildScriptInfoCaches (0ms)
			ResolveRequiredComponents (0ms)
	FinalizeReload (371ms)
		ReleaseScriptCaches (0ms)
		RebuildScriptCaches (0ms)
		SetupLoadedEditorAssemblies (326ms)
			LogAssemblyErrors (0ms)
			InitializePlatformSupportModulesInManaged (116ms)
			SetLoadedEditorAssemblies (4ms)
			BeforeProcessingInitializeOnLoad (6ms)
			ProcessInitializeOnLoadAttributes (146ms)
			ProcessInitializeOnLoadMethodAttributes (54ms)
			AfterProcessingInitializeOnLoad (0ms)
			EditorAssembliesLoaded (0ms)
		ExecutionOrderSort2 (0ms)
		AwakeInstancesAfterBackupRestoration (0ms)
========================================================================
Worker process is ready to serve import requests
Import Worker Mode flag is 0x00
Begin MonoManager ReloadAssembly
Symbol file LoadedFromMemory doesn't match image C:\Users\nwond\OneDrive\바탕 화면\Famer-Simulation\Famer Simulation\Library\PackageCache\com.unity.visualscripting@1.8.0\Editor\VisualScripting.Core\Dependencies\YamlDotNet\Unity.VisualScripting.YamlDotNet.dll
Symbol file LoadedFromMemory doesn't match image C:\Users\nwond\OneDrive\바탕 화면\Famer-Simulation\Famer Simulation\Library\PackageCache\com.unity.visualscripting@1.8.0\Editor\VisualScripting.Core\Dependencies\DotNetZip\Unity.VisualScripting.IonicZip.dll
- Loaded All Assemblies, in  0.978 seconds
Refreshing native plugins compatible for Editor in 0.97 ms, found 3 plugins.
Native extension for Android target not found
Native extension for WindowsStandalone target not found
Mono: successfully reloaded assembly
- Finished resetting the current domain, in  0.922 seconds
Domain Reload Profiling: 1896ms
	BeginReloadAssembly (361ms)
		ExecutionOrderSort (0ms)
		DisableScriptedObjects (5ms)
		BackupInstance (0ms)
		ReleaseScriptingObjects (0ms)
		CreateAndSetChildDomain (29ms)
	RebuildCommonClasses (38ms)
	RebuildNativeTypeToScriptingClass (14ms)
	initialDomainReloadingComplete (40ms)
	LoadAllAssembliesAndSetupDomain (520ms)
		LoadAssemblies (383ms)
		RebuildTransferFunctionScriptingTraits (0ms)
		AnalyzeDomain (246ms)
			TypeCache.Refresh (213ms)
				TypeCache.ScanAssembly (193ms)
			BuildScriptInfoCaches (23ms)
			ResolveRequiredComponents (5ms)
	FinalizeReload (923ms)
		ReleaseScriptCaches (0ms)
		RebuildScriptCaches (0ms)
		SetupLoadedEditorAssemblies (729ms)
			LogAssemblyErrors (0ms)
			InitializePlatformSupportModulesInManaged (18ms)
			SetLoadedEditorAssemblies (4ms)
			BeforeProcessingInitializeOnLoad (37ms)
			ProcessInitializeOnLoadAttributes (643ms)
			ProcessInitializeOnLoadMethodAttributes (21ms)
			AfterProcessingInitializeOnLoad (6ms)
			EditorAssembliesLoaded (0ms)
		ExecutionOrderSort2 (0ms)
		AwakeInstancesAfterBackupRestoration (15ms)
Launched and connected shader compiler UnityShaderCompiler.exe after 0.02 seconds
Refreshing native plugins compatible for Editor in 1.38 ms, found 3 plugins.
Preloading 0 native plugins for Editor in 0.00 ms.
Unloading 26 Unused Serialized files (Serialized files now loaded: 0)
Unloading 3534 unused Assets / (1.0 MB). Loaded Objects now: 4114.
Memory consumption went from 116.3 MB to 115.3 MB.
Total: 8.756000 ms (FindLiveObjects: 0.713600 ms CreateObjectMapping: 0.260700 ms MarkObjects: 6.221800 ms  DeleteObjects: 1.558100 ms)

========================================================================
Received Import Request.
  Time since last request: 689683.117198 seconds.
  path: Assets/AreaControl/EventSystem.prefab
  artifactKey: Guid(c025a95cf20c4dc4aa18aa682aae833e) Importer(815301076,1909f56bfc062723c751e8b465ee728b)
Start importing Assets/AreaControl/EventSystem.prefab using Guid(c025a95cf20c4dc4aa18aa682aae833e) Importer(815301076,1909f56bfc062723c751e8b465ee728b) (PreviewImporter) -> (artifact id: '09c0b7481a504a70f5c3f4d546679856') in 0.0357802 seconds
Number of updated asset objects reloaded before import = 0Number of asset objects unloaded after import = 9

========================================================================
Received Import Request.
  Time since last request: 4.738490 seconds.
  path: Assets/AreaControl/AreaControl.cs
  artifactKey: Guid(2417f770939549545b90c32c37c9dac6) Importer(815301076,1909f56bfc062723c751e8b465ee728b)
Start importing Assets/AreaControl/AreaControl.cs using Guid(2417f770939549545b90c32c37c9dac6) Importer(815301076,1909f56bfc062723c751e8b465ee728b) (PreviewImporter) -> (artifact id: 'ee1a9d4d93ccc6513b358f14f3b589bd') in 0.0005907 seconds
Number of updated asset objects reloaded before import = 0Number of asset objects unloaded after import = 0

========================================================================
Received Import Request.
  Time since last request: 8.238356 seconds.
  path: Assets/polyperfect/Poly Universal Pack/- Materials/foliage-a.mat
  artifactKey: Guid(579b1bdc4edeb064e9430e0520bb1a48) Importer(815301076,1909f56bfc062723c751e8b465ee728b)
Start importing Assets/polyperfect/Poly Universal Pack/- Materials/foliage-a.mat using Guid(579b1bdc4edeb064e9430e0520bb1a48) Importer(815301076,1909f56bfc062723c751e8b465ee728b) (PreviewImporter) -> (artifact id: '3691f49ac7bbc43ec25061d1e57b13a7') in 0.4890819 seconds
Number of updated asset objects reloaded before import = 0Number of asset objects unloaded after import = 2

========================================================================
Received Import Request.
  Time since last request: 0.000032 seconds.
  path: Assets/polyperfect/Poly Universal Pack/- Materials/universal-d.mat
  artifactKey: Guid(f321e3a37fcc9cf41b1eb36068a7b2f7) Importer(815301076,1909f56bfc062723c751e8b465ee728b)
Start importing Assets/polyperfect/Poly Universal Pack/- Materials/universal-d.mat using Guid(f321e3a37fcc9cf41b1eb36068a7b2f7) Importer(815301076,1909f56bfc062723c751e8b465ee728b) (PreviewImporter) -> (artifact id: '74fd7b84091a2f1bdf5b17dd773d150b') in 0.1403724 seconds
Number of updated asset objects reloaded before import = 0Number of asset objects unloaded after import = 6

========================================================================
Received Import Request.
  Time since last request: 0.000024 seconds.
  path: Assets/polyperfect/Poly Universal Pack/- Materials/Skybox-night.mat
  artifactKey: Guid(c9ec6e8fde1426847a863e9ea1b54790) Importer(815301076,1909f56bfc062723c751e8b465ee728b)
Start importing Assets/polyperfect/Poly Universal Pack/- Materials/Skybox-night.mat using Guid(c9ec6e8fde1426847a863e9ea1b54790) Importer(815301076,1909f56bfc062723c751e8b465ee728b) (PreviewImporter) -> (artifact id: '8356e5fa03fd37c2c566ab0d93325b28') in 0.1017223 seconds
Number of updated asset objects reloaded before import = 0Number of asset objects unloaded after import = 1

========================================================================
Received Import Request.
  Time since last request: 0.000077 seconds.
  path: Assets/polyperfect/Poly Universal Pack/- Materials/sidewalk-paved.mat
  artifactKey: Guid(175ad357684d3d744a9628d9f2457076) Importer(815301076,1909f56bfc062723c751e8b465ee728b)
Start importing Assets/polyperfect/Poly Universal Pack/- Materials/sidewalk-paved.mat using Guid(175ad357684d3d744a9628d9f2457076) Importer(815301076,1909f56bfc062723c751e8b465ee728b) (PreviewImporter) -> (artifact id: '9a48e3cb7ff32607f871d7764bb69a77') in 0.257024 seconds
Number of updated asset objects reloaded before import = 0Number of asset objects unloaded after import = 4

========================================================================
Received Import Request.
  Time since last request: 3.500530 seconds.
  path: Assets/polyperfect/Poly Universal Pack/- Meshes/FBXImporter-humanoid.preset
  artifactKey: Guid(31ef74fa45ae02e4ea451f74ec26fe2d) Importer(815301076,1909f56bfc062723c751e8b465ee728b)
Start importing Assets/polyperfect/Poly Universal Pack/- Meshes/FBXImporter-humanoid.preset using Guid(31ef74fa45ae02e4ea451f74ec26fe2d) Importer(815301076,1909f56bfc062723c751e8b465ee728b) (PreviewImporter) -> (artifact id: '4a940e1c8db6bc7ae02c014fc7aa05b7') in 0.0778059 seconds
Number of updated asset objects reloaded before import = 0Number of asset objects unloaded after import = 1

========================================================================
Received Import Request.
  Time since last request: 3.161031 seconds.
  path: Assets/polyperfect/Poly Universal Pack/- Meshes/Tools
  artifactKey: Guid(9bdce8ed821191e47ba9e535a31f6cc3) Importer(815301076,1909f56bfc062723c751e8b465ee728b)
Start importing Assets/polyperfect/Poly Universal Pack/- Meshes/Tools using Guid(9bdce8ed821191e47ba9e535a31f6cc3) Importer(815301076,1909f56bfc062723c751e8b465ee728b) (PreviewImporter) -> (artifact id: '3c4af99c6b0802cce5adc8164d348502') in 0.0008644 seconds
Number of updated asset objects reloaded before import = 0Number of asset objects unloaded after import = 0

========================================================================
Received Import Request.
  Time since last request: 0.079219 seconds.
  path: Assets/polyperfect/Poly Universal Pack/- Meshes/Tools/axe-fireman.fbx
  artifactKey: Guid(86fc960bb7ed5ee4faacd82002ae2c8c) Importer(815301076,1909f56bfc062723c751e8b465ee728b)
Start importing Assets/polyperfect/Poly Universal Pack/- Meshes/Tools/axe-fireman.fbx using Guid(86fc960bb7ed5ee4faacd82002ae2c8c) Importer(815301076,1909f56bfc062723c751e8b465ee728b) (PreviewImporter) -> (artifact id: '6fdbf00682e09e3f7e61ef414d56d028') in 0.301117 seconds
Number of updated asset objects reloaded before import = 0Number of asset objects unloaded after import = 7

========================================================================
Received Import Request.
  Time since last request: 0.000029 seconds.
  path: Assets/polyperfect/Poly Universal Pack/- Meshes/Tools/oil-can.fbx
  artifactKey: Guid(feea64221105be34cb08acbe45924d05) Importer(815301076,1909f56bfc062723c751e8b465ee728b)
Start importing Assets/polyperfect/Poly Universal Pack/- Meshes/Tools/oil-can.fbx using Guid(feea64221105be34cb08acbe45924d05) Importer(815301076,1909f56bfc062723c751e8b465ee728b) (PreviewImporter) -> (artifact id: '8903b083696c7ad78f588c973d12e985') in 0.0188504 seconds
Number of updated asset objects reloaded before import = 0Number of asset objects unloaded after import = 7

========================================================================
Received Import Request.
  Time since last request: 0.000031 seconds.
  path: Assets/polyperfect/Poly Universal Pack/- Meshes/Tools/square-trowel.fbx
  artifactKey: Guid(6522ff2dc9d53cc4eaf78024383c6836) Importer(815301076,1909f56bfc062723c751e8b465ee728b)
Start importing Assets/polyperfect/Poly Universal Pack/- Meshes/Tools/square-trowel.fbx using Guid(6522ff2dc9d53cc4eaf78024383c6836) Importer(815301076,1909f56bfc062723c751e8b465ee728b) (PreviewImporter) -> (artifact id: '4a5323118bcc6cd2008bee5929602833') in 0.018266 seconds
Number of updated asset objects reloaded before import = 0Number of asset objects unloaded after import = 7

========================================================================
Received Import Request.
  Time since last request: 0.000021 seconds.
  path: Assets/polyperfect/Poly Universal Pack/- Meshes/Tools/slim-trowel.fbx
  artifactKey: Guid(0c8f8242768a42245bb1e38a3ea1690b) Importer(815301076,1909f56bfc062723c751e8b465ee728b)
Start importing Assets/polyperfect/Poly Universal Pack/- Meshes/Tools/slim-trowel.fbx using Guid(0c8f8242768a42245bb1e38a3ea1690b) Importer(815301076,1909f56bfc062723c751e8b465ee728b) (PreviewImporter) -> (artifact id: 'ff946e5c3580aa4895a7584eb06157ff') in 0.0169691 seconds
Number of updated asset objects reloaded before import = 0Number of asset objects unloaded after import = 7

========================================================================
Received Import Request.
  Time since last request: 0.000020 seconds.
  path: Assets/polyperfect/Poly Universal Pack/- Meshes/Tools/brush-round.fbx
  artifactKey: Guid(02c81a0ca1190c14281f06501b2417c2) Importer(815301076,1909f56bfc062723c751e8b465ee728b)
Start importing Assets/polyperfect/Poly Universal Pack/- Meshes/Tools/brush-round.fbx using Guid(02c81a0ca1190c14281f06501b2417c2) Importer(815301076,1909f56bfc062723c751e8b465ee728b) (PreviewImporter) -> (artifact id: '3137844a041ce3a4dd0dae39e4a808df') in 0.0174338 seconds
Number of updated asset objects reloaded before import = 0Number of asset objects unloaded after import = 7

========================================================================
Received Import Request.
  Time since last request: 0.000023 seconds.
  path: Assets/polyperfect/Poly Universal Pack/- Meshes/Tools/wrench-ratchet.fbx
  artifactKey: Guid(a2333183b174ec2499317f066cd526d7) Importer(815301076,1909f56bfc062723c751e8b465ee728b)
Start importing Assets/polyperfect/Poly Universal Pack/- Meshes/Tools/wrench-ratchet.fbx using Guid(a2333183b174ec2499317f066cd526d7) Importer(815301076,1909f56bfc062723c751e8b465ee728b) (PreviewImporter) -> (artifact id: '25fd78dfb4ed2547790aace7f6023fd2') in 0.0170221 seconds
Number of updated asset objects reloaded before import = 0Number of asset objects unloaded after import = 7

========================================================================
Received Import Request.
  Time since last request: 0.000017 seconds.
  path: Assets/polyperfect/Poly Universal Pack/- Meshes/Tools/wrench.fbx
  artifactKey: Guid(ca390d1c799fdfa4996e2dc1c9482465) Importer(815301076,1909f56bfc062723c751e8b465ee728b)
Start importing Assets/polyperfect/Poly Universal Pack/- Meshes/Tools/wrench.fbx using Guid(ca390d1c799fdfa4996e2dc1c9482465) Importer(815301076,1909f56bfc062723c751e8b465ee728b) (PreviewImporter) -> (artifact id: 'eac08663942582aebcafcd9dc7480e6d') in 0.0176823 seconds
Number of updated asset objects reloaded before import = 0Number of asset objects unloaded after import = 7

========================================================================
Received Import Request.
  Time since last request: 0.000020 seconds.
  path: Assets/polyperfect/Poly Universal Pack/- Meshes/Tools/hammer-small.fbx
  artifactKey: Guid(95f8210e32ec83648a6b438d1f970589) Importer(815301076,1909f56bfc062723c751e8b465ee728b)
Start importing Assets/polyperfect/Poly Universal Pack/- Meshes/Tools/hammer-small.fbx using Guid(95f8210e32ec83648a6b438d1f970589) Importer(815301076,1909f56bfc062723c751e8b465ee728b) (PreviewImporter) -> (artifact id: '47d16ce37d9f192784a413d9e77485f4') in 0.0174613 seconds
Number of updated asset objects reloaded before import = 0Number of asset objects unloaded after import = 7

========================================================================
Received Import Request.
  Time since last request: 0.000027 seconds.
  path: Assets/polyperfect/Poly Universal Pack/- Meshes/Tools/ratchet-double.fbx
  artifactKey: Guid(9b38e675e0603d54694698e3413a42e2) Importer(815301076,1909f56bfc062723c751e8b465ee728b)
Start importing Assets/polyperfect/Poly Universal Pack/- Meshes/Tools/ratchet-double.fbx using Guid(9b38e675e0603d54694698e3413a42e2) Importer(815301076,1909f56bfc062723c751e8b465ee728b) (PreviewImporter) -> (artifact id: '8b46ae71d7ea6ed07f128f18be7e7ba6') in 0.0191127 seconds
Number of updated asset objects reloaded before import = 0Number of asset objects unloaded after import = 7

========================================================================
Received Import Request.
  Time since last request: 0.000044 seconds.
  path: Assets/polyperfect/Poly Universal Pack/- Meshes/Tools/crowbar.fbx
  artifactKey: Guid(dfd19eda1ba87464d96a2760c4e0671b) Importer(815301076,1909f56bfc062723c751e8b465ee728b)
Start importing Assets/polyperfect/Poly Universal Pack/- Meshes/Tools/crowbar.fbx using Guid(dfd19eda1ba87464d96a2760c4e0671b) Importer(815301076,1909f56bfc062723c751e8b465ee728b) (PreviewImporter) -> (artifact id: '1fde1000636e82b01e67d6858ec785a7') in 0.0171736 seconds
Number of updated asset objects reloaded before import = 0Number of asset objects unloaded after import = 7

========================================================================
Received Import Request.
  Time since last request: 1.773932 seconds.
  path: Assets/polyperfect/Poly Universal Pack/- Meshes/Terrain/terrain-hill-50x50m.fbx
  artifactKey: Guid(def50e915c9efda44b102ba31c1a6be8) Importer(815301076,1909f56bfc062723c751e8b465ee728b)
Start importing Assets/polyperfect/Poly Universal Pack/- Meshes/Terrain/terrain-hill-50x50m.fbx using Guid(def50e915c9efda44b102ba31c1a6be8) Importer(815301076,1909f56bfc062723c751e8b465ee728b) (PreviewImporter) -> (artifact id: '601c52c28f9840666749690bf1bdde85') in 0.0174619 seconds
Number of updated asset objects reloaded before import = 0Number of asset objects unloaded after import = 7

========================================================================
Received Import Request.
  Time since last request: 0.000019 seconds.
  path: Assets/polyperfect/Poly Universal Pack/- Meshes/Terrain/terrain-plane-plain-20x20m.fbx
  artifactKey: Guid(401a77ba35b25594fa1642c77c95c799) Importer(815301076,1909f56bfc062723c751e8b465ee728b)
Start importing Assets/polyperfect/Poly Universal Pack/- Meshes/Terrain/terrain-plane-plain-20x20m.fbx using Guid(401a77ba35b25594fa1642c77c95c799) Importer(815301076,1909f56bfc062723c751e8b465ee728b) (PreviewImporter) -> (artifact id: 'e91903dad7ac7a8d8d40c853dd23a220') in 0.0188713 seconds
Number of updated asset objects reloaded before import = 0Number of asset objects unloaded after import = 7

========================================================================
Received Import Request.
  Time since last request: 0.000019 seconds.
  path: Assets/polyperfect/Poly Universal Pack/- Meshes/Terrain/terrain-plane-valley-20x20m-north-west.fbx
  artifactKey: Guid(cbe61d964be84b543b258cfba8295a06) Importer(815301076,1909f56bfc062723c751e8b465ee728b)
Start importing Assets/polyperfect/Poly Universal Pack/- Meshes/Terrain/terrain-plane-valley-20x20m-north-west.fbx using Guid(cbe61d964be84b543b258cfba8295a06) Importer(815301076,1909f56bfc062723c751e8b465ee728b) (PreviewImporter) -> (artifact id: 'bc9777266e27ef3facc8f5ece0f0cd26') in 0.0192584 seconds
Number of updated asset objects reloaded before import = 0Number of asset objects unloaded after import = 7

========================================================================
Received Import Request.
  Time since last request: 0.000022 seconds.
  path: Assets/polyperfect/Poly Universal Pack/- Meshes/Terrain/terrain-plane-slope-20x20m-south.fbx
  artifactKey: Guid(0a10c6e7b3c8c584492b5ae2aaf06b9e) Importer(815301076,1909f56bfc062723c751e8b465ee728b)
Start importing Assets/polyperfect/Poly Universal Pack/- Meshes/Terrain/terrain-plane-slope-20x20m-south.fbx using Guid(0a10c6e7b3c8c584492b5ae2aaf06b9e) Importer(815301076,1909f56bfc062723c751e8b465ee728b) (PreviewImporter) -> (artifact id: '9c158fbe23a8142aad6c21ae31eb3aff') in 0.0185598 seconds
Number of updated asset objects reloaded before import = 0Number of asset objects unloaded after import = 7

========================================================================
Received Import Request.
  Time since last request: 0.000018 seconds.
  path: Assets/polyperfect/Poly Universal Pack/- Meshes/Terrain/terrain-plane-hill-20x20m-south-west.fbx
  artifactKey: Guid(2a967d37b465d1d4aaafc10b85529b8d) Importer(815301076,1909f56bfc062723c751e8b465ee728b)
Start importing Assets/polyperfect/Poly Universal Pack/- Meshes/Terrain/terrain-plane-hill-20x20m-south-west.fbx using Guid(2a967d37b465d1d4aaafc10b85529b8d) Importer(815301076,1909f56bfc062723c751e8b465ee728b) (PreviewImporter) -> (artifact id: 'de9a06c6e345e1c18298e5b9c81e1356') in 0.0174751 seconds
Number of updated asset objects reloaded before import = 0Number of asset objects unloaded after import = 7

========================================================================
Received Import Request.
  Time since last request: 0.000025 seconds.
  path: Assets/polyperfect/Poly Universal Pack/- Meshes/Terrain/terrain-plane-slope-20x20m-east.fbx
  artifactKey: Guid(71c3f4e7dd34583419fb403a39bc9032) Importer(815301076,1909f56bfc062723c751e8b465ee728b)
Start importing Assets/polyperfect/Poly Universal Pack/- Meshes/Terrain/terrain-plane-slope-20x20m-east.fbx using Guid(71c3f4e7dd34583419fb403a39bc9032) Importer(815301076,1909f56bfc062723c751e8b465ee728b) (PreviewImporter) -> (artifact id: '3269e136c9d6138156063a664b8afbcf') in 0.018695 seconds
Number of updated asset objects reloaded before import = 0Number of asset objects unloaded after import = 7

========================================================================
Received Import Request.
  Time since last request: 0.000032 seconds.
  path: Assets/polyperfect/Poly Universal Pack/- Meshes/Terrain/terrain-plane-river-20x20m-horizontal.fbx
  artifactKey: Guid(da515742e68d896489baec2c4ae14fae) Importer(815301076,1909f56bfc062723c751e8b465ee728b)
Start importing Assets/polyperfect/Poly Universal Pack/- Meshes/Terrain/terrain-plane-river-20x20m-horizontal.fbx using Guid(da515742e68d896489baec2c4ae14fae) Importer(815301076,1909f56bfc062723c751e8b465ee728b) (PreviewImporter) -> (artifact id: 'b693dadc9bedfcc40dfb4c38c777db4e') in 0.018726 seconds
Number of updated asset objects reloaded before import = 0Number of asset objects unloaded after import = 7

========================================================================
Received Import Request.
  Time since last request: 0.000025 seconds.
  path: Assets/polyperfect/Poly Universal Pack/- Meshes/Terrain/terrain-plane-slope-20x20m-west.fbx
  artifactKey: Guid(5835e59745213f847a5e58a1a5af3e34) Importer(815301076,1909f56bfc062723c751e8b465ee728b)
Start importing Assets/polyperfect/Poly Universal Pack/- Meshes/Terrain/terrain-plane-slope-20x20m-west.fbx using Guid(5835e59745213f847a5e58a1a5af3e34) Importer(815301076,1909f56bfc062723c751e8b465ee728b) (PreviewImporter) -> (artifact id: 'b6b3d68bab7fc60f13c79ceec056b85c') in 0.0187065 seconds
Number of updated asset objects reloaded before import = 0Number of asset objects unloaded after import = 7

========================================================================
Received Import Request.
  Time since last request: 4.186269 seconds.
  path: Assets/polyperfect/Poly Universal Pack/- Prefabs/Farm/barrel-plastic-closed.prefab
  artifactKey: Guid(2e88c5d2330b8ee41bb6491dbda1a86c) Importer(815301076,1909f56bfc062723c751e8b465ee728b)
Start importing Assets/polyperfect/Poly Universal Pack/- Prefabs/Farm/barrel-plastic-closed.prefab using Guid(2e88c5d2330b8ee41bb6491dbda1a86c) Importer(815301076,1909f56bfc062723c751e8b465ee728b) (PreviewImporter) -> (artifact id: 'e9b19cd5cda7e99aef52230c713f5792') in 0.0275399 seconds
Number of updated asset objects reloaded before import = 0Number of asset objects unloaded after import = 12

========================================================================
Received Import Request.
  Time since last request: 0.000022 seconds.
  path: Assets/polyperfect/Poly Universal Pack/- Prefabs/Farm/bowl-rabbit-b.prefab
  artifactKey: Guid(590203be9cbd7734ead04dacf690c1d7) Importer(815301076,1909f56bfc062723c751e8b465ee728b)
Start importing Assets/polyperfect/Poly Universal Pack/- Prefabs/Farm/bowl-rabbit-b.prefab using Guid(590203be9cbd7734ead04dacf690c1d7) Importer(815301076,1909f56bfc062723c751e8b465ee728b) (PreviewImporter) -> (artifact id: '93d9877b1450360ced9eb4b21a35028d') in 0.0279869 seconds
Number of updated asset objects reloaded before import = 0Number of asset objects unloaded after import = 12

========================================================================
Received Import Request.
  Time since last request: 0.000021 seconds.
  path: Assets/polyperfect/Poly Universal Pack/- Prefabs/Farm/bowl-dog-b.prefab
  artifactKey: Guid(2b816dbeae1994b46bfa29b57a065ab3) Importer(815301076,1909f56bfc062723c751e8b465ee728b)
Start importing Assets/polyperfect/Poly Universal Pack/- Prefabs/Farm/bowl-dog-b.prefab using Guid(2b816dbeae1994b46bfa29b57a065ab3) Importer(815301076,1909f56bfc062723c751e8b465ee728b) (PreviewImporter) -> (artifact id: '10161a3087636c9ccd163c9a5bf47107') in 0.0335699 seconds
Number of updated asset objects reloaded before import = 0Number of asset objects unloaded after import = 26

========================================================================
Received Import Request.
  Time since last request: 0.000028 seconds.
  path: Assets/polyperfect/Poly Universal Pack/- Prefabs/Farm/hay-drying-rack-triangle-c.prefab
  artifactKey: Guid(34e813ffed642d14fbcb6edb00533a94) Importer(815301076,1909f56bfc062723c751e8b465ee728b)
Start importing Assets/polyperfect/Poly Universal Pack/- Prefabs/Farm/hay-drying-rack-triangle-c.prefab using Guid(34e813ffed642d14fbcb6edb00533a94) Importer(815301076,1909f56bfc062723c751e8b465ee728b) (PreviewImporter) -> (artifact id: '3f4bb014867112695c477c97495d09e5') in 0.0252671 seconds
Number of updated asset objects reloaded before import = 0Number of asset objects unloaded after import = 12

========================================================================
Received Import Request.
  Time since last request: 0.000042 seconds.
  path: Assets/polyperfect/Poly Universal Pack/- Prefabs/Farm/water-well-b-farm.prefab
  artifactKey: Guid(9bdaa1f48bbb3524ea0317876ad67765) Importer(815301076,1909f56bfc062723c751e8b465ee728b)
Start importing Assets/polyperfect/Poly Universal Pack/- Prefabs/Farm/water-well-b-farm.prefab using Guid(9bdaa1f48bbb3524ea0317876ad67765) Importer(815301076,1909f56bfc062723c751e8b465ee728b) (PreviewImporter) -> (artifact id: '6acea8bb3561d0ab8a1be59361f9fd56') in 0.0297865 seconds
Number of updated asset objects reloaded before import = 0Number of asset objects unloaded after import = 20

========================================================================
Received Import Request.
  Time since last request: 0.000023 seconds.
  path: Assets/polyperfect/Poly Universal Pack/- Prefabs/Farm/barrel-stand-3m.prefab
  artifactKey: Guid(00e7c5ec28f283c4084ecfc892727797) Importer(815301076,1909f56bfc062723c751e8b465ee728b)
Start importing Assets/polyperfect/Poly Universal Pack/- Prefabs/Farm/barrel-stand-3m.prefab using Guid(00e7c5ec28f283c4084ecfc892727797) Importer(815301076,1909f56bfc062723c751e8b465ee728b) (PreviewImporter) -> (artifact id: '3d2078e0e6652bed7fded0fadd56471e') in 0.0309388 seconds
Number of updated asset objects reloaded before import = 0Number of asset objects unloaded after import = 12

========================================================================
Received Import Request.
  Time since last request: 0.000024 seconds.
  path: Assets/polyperfect/Poly Universal Pack/- Prefabs/Farm/hay-drying-rack-triangle-a.prefab
  artifactKey: Guid(bc236d4fb0a9d38479e79456960ac4a1) Importer(815301076,1909f56bfc062723c751e8b465ee728b)
Start importing Assets/polyperfect/Poly Universal Pack/- Prefabs/Farm/hay-drying-rack-triangle-a.prefab using Guid(bc236d4fb0a9d38479e79456960ac4a1) Importer(815301076,1909f56bfc062723c751e8b465ee728b) (PreviewImporter) -> (artifact id: 'bdbfa2aaceec49c956a1a47f3f9b7694') in 0.029138 seconds
Number of updated asset objects reloaded before import = 0Number of asset objects unloaded after import = 12

========================================================================
Received Import Request.
  Time since last request: 0.000025 seconds.
  path: Assets/polyperfect/Poly Universal Pack/- Prefabs/Farm/toolrack-b.prefab
  artifactKey: Guid(2835da9055615064bb437341d714a404) Importer(815301076,1909f56bfc062723c751e8b465ee728b)
Start importing Assets/polyperfect/Poly Universal Pack/- Prefabs/Farm/toolrack-b.prefab using Guid(2835da9055615064bb437341d714a404) Importer(815301076,1909f56bfc062723c751e8b465ee728b) (PreviewImporter) -> (artifact id: 'ecf6cfcd3bd30efdcaa05e57d08475a8') in 0.0232195 seconds
Number of updated asset objects reloaded before import = 0Number of asset objects unloaded after import = 12

========================================================================
Received Import Request.
  Time since last request: 0.000019 seconds.
  path: Assets/polyperfect/Poly Universal Pack/- Prefabs/Farm/sign-farm.prefab
  artifactKey: Guid(201fb49b4babd3248afe2771744248ba) Importer(815301076,1909f56bfc062723c751e8b465ee728b)
Start importing Assets/polyperfect/Poly Universal Pack/- Prefabs/Farm/sign-farm.prefab using Guid(201fb49b4babd3248afe2771744248ba) Importer(815301076,1909f56bfc062723c751e8b465ee728b) (PreviewImporter) -> (artifact id: '4ddca293f9ae6c0e94634626eefcbeec') in 0.0238336 seconds
Number of updated asset objects reloaded before import = 0Number of asset objects unloaded after import = 12

========================================================================
Received Import Request.
  Time since last request: 0.000029 seconds.
  path: Assets/polyperfect/Poly Universal Pack/- Prefabs/Farm/hutch-a.prefab
  artifactKey: Guid(762d9db99d23f5b44a2af5ec1c608566) Importer(815301076,1909f56bfc062723c751e8b465ee728b)
Start importing Assets/polyperfect/Poly Universal Pack/- Prefabs/Farm/hutch-a.prefab using Guid(762d9db99d23f5b44a2af5ec1c608566) Importer(815301076,1909f56bfc062723c751e8b465ee728b) (PreviewImporter) -> (artifact id: '29d24a359fe35bdb697f40a994fa113e') in 0.0266698 seconds
Number of updated asset objects reloaded before import = 0Number of asset objects unloaded after import = 56

========================================================================
Received Import Request.
  Time since last request: 0.000018 seconds.
  path: Assets/polyperfect/Poly Universal Pack/- Prefabs/Farm/tractor-tire-small.prefab
  artifactKey: Guid(05bdc0d89e410e34aa6b74749953c2cf) Importer(815301076,1909f56bfc062723c751e8b465ee728b)
Start importing Assets/polyperfect/Poly Universal Pack/- Prefabs/Farm/tractor-tire-small.prefab using Guid(05bdc0d89e410e34aa6b74749953c2cf) Importer(815301076,1909f56bfc062723c751e8b465ee728b) (PreviewImporter) -> (artifact id: 'c6cf80c0f2b54462fbdd60b183e1ed79') in 0.0252017 seconds
Number of updated asset objects reloaded before import = 0Number of asset objects unloaded after import = 12

========================================================================
Received Import Request.
  Time since last request: 0.000019 seconds.
  path: Assets/polyperfect/Poly Universal Pack/- Prefabs/Farm/label-plant-b.prefab
  artifactKey: Guid(d00576faff8d38949a44d6e56d25bf71) Importer(815301076,1909f56bfc062723c751e8b465ee728b)
Start importing Assets/polyperfect/Poly Universal Pack/- Prefabs/Farm/label-plant-b.prefab using Guid(d00576faff8d38949a44d6e56d25bf71) Importer(815301076,1909f56bfc062723c751e8b465ee728b) (PreviewImporter) -> (artifact id: 'fb6b403b2e9f8da19e7ce9a6f90b68aa') in 0.021951 seconds
Number of updated asset objects reloaded before import = 0Number of asset objects unloaded after import = 12

========================================================================
Received Import Request.
  Time since last request: 0.000024 seconds.
  path: Assets/polyperfect/Poly Universal Pack/- Prefabs/Farm/hay-drying-rack-square-b.prefab
  artifactKey: Guid(5bfbad54d5069054f99b328aa046aaa5) Importer(815301076,1909f56bfc062723c751e8b465ee728b)
Start importing Assets/polyperfect/Poly Universal Pack/- Prefabs/Farm/hay-drying-rack-square-b.prefab using Guid(5bfbad54d5069054f99b328aa046aaa5) Importer(815301076,1909f56bfc062723c751e8b465ee728b) (PreviewImporter) -> (artifact id: 'dd702116822ec86a298f1d972a1f978d') in 0.0229469 seconds
Number of updated asset objects reloaded before import = 0Number of asset objects unloaded after import = 12

========================================================================
Received Import Request.
  Time since last request: 0.000059 seconds.
  path: Assets/polyperfect/Poly Universal Pack/- Prefabs/Farm/water-well-a-farm.prefab
  artifactKey: Guid(e76a1565ca83c3b43a5a82e8a7f5c27c) Importer(815301076,1909f56bfc062723c751e8b465ee728b)
Start importing Assets/polyperfect/Poly Universal Pack/- Prefabs/Farm/water-well-a-farm.prefab using Guid(e76a1565ca83c3b43a5a82e8a7f5c27c) Importer(815301076,1909f56bfc062723c751e8b465ee728b) (PreviewImporter) -> (artifact id: 'cc764834ff8c8fc40e583b0f235d48c1') in 0.0252349 seconds
Number of updated asset objects reloaded before import = 0Number of asset objects unloaded after import = 12

========================================================================
Received Import Request.
  Time since last request: 0.000025 seconds.
  path: Assets/polyperfect/Poly Universal Pack/- Prefabs/Farm/birdhouse-a.prefab
  artifactKey: Guid(2cb6afb367fbd0e46b5a5b95b74ae3b0) Importer(815301076,1909f56bfc062723c751e8b465ee728b)
Start importing Assets/polyperfect/Poly Universal Pack/- Prefabs/Farm/birdhouse-a.prefab using Guid(2cb6afb367fbd0e46b5a5b95b74ae3b0) Importer(815301076,1909f56bfc062723c751e8b465ee728b) (PreviewImporter) -> (artifact id: '5ae44e059d17c9c2e4572544b6319b7e') in 0.0230942 seconds
Number of updated asset objects reloaded before import = 0Number of asset objects unloaded after import = 12

========================================================================
Received Import Request.
  Time since last request: 0.000023 seconds.
  path: Assets/polyperfect/Poly Universal Pack/- Prefabs/Farm/table-potting-a.prefab
  artifactKey: Guid(c8455fe068edd884780752a046aba220) Importer(815301076,1909f56bfc062723c751e8b465ee728b)
Start importing Assets/polyperfect/Poly Universal Pack/- Prefabs/Farm/table-potting-a.prefab using Guid(c8455fe068edd884780752a046aba220) Importer(815301076,1909f56bfc062723c751e8b465ee728b) (PreviewImporter) -> (artifact id: 'fd8136357137587ff33eb71e8a0a8eb0') in 0.0218064 seconds
Number of updated asset objects reloaded before import = 0Number of asset objects unloaded after import = 26

========================================================================
Received Import Request.
  Time since last request: 0.000033 seconds.
  path: Assets/polyperfect/Poly Universal Pack/- Prefabs/Farm/basket-b-farm.prefab
  artifactKey: Guid(5df0d5c8c1ad7674b904c7ae87b0d8c4) Importer(815301076,1909f56bfc062723c751e8b465ee728b)
Start importing Assets/polyperfect/Poly Universal Pack/- Prefabs/Farm/basket-b-farm.prefab using Guid(5df0d5c8c1ad7674b904c7ae87b0d8c4) Importer(815301076,1909f56bfc062723c751e8b465ee728b) (PreviewImporter) -> (artifact id: 'f012fcd43380aa6666d65b533dc18bcb') in 0.0245281 seconds
Number of updated asset objects reloaded before import = 0Number of asset objects unloaded after import = 12

========================================================================
Received Import Request.
  Time since last request: 0.000026 seconds.
  path: Assets/polyperfect/Poly Universal Pack/- Prefabs/Farm/hay-drying-rack-triangle-d.prefab
  artifactKey: Guid(bc4b5feb817d80149b106f82064063ad) Importer(815301076,1909f56bfc062723c751e8b465ee728b)
Start importing Assets/polyperfect/Poly Universal Pack/- Prefabs/Farm/hay-drying-rack-triangle-d.prefab using Guid(bc4b5feb817d80149b106f82064063ad) Importer(815301076,1909f56bfc062723c751e8b465ee728b) (PreviewImporter) -> (artifact id: '265dc1f134d1fe853bb9b14669071bf2') in 0.0224927 seconds
Number of updated asset objects reloaded before import = 0Number of asset objects unloaded after import = 12

========================================================================
Received Import Request.
  Time since last request: 0.000031 seconds.
  path: Assets/polyperfect/Poly Universal Pack/- Prefabs/Farm/sign-blackboard-empty.prefab
  artifactKey: Guid(2cd5748884019ad42b60be4955b045ad) Importer(815301076,1909f56bfc062723c751e8b465ee728b)
Start importing Assets/polyperfect/Poly Universal Pack/- Prefabs/Farm/sign-blackboard-empty.prefab using Guid(2cd5748884019ad42b60be4955b045ad) Importer(815301076,1909f56bfc062723c751e8b465ee728b) (PreviewImporter) -> (artifact id: '6915446d10f6d446c3cd5972aee8552f') in 0.0275473 seconds
Number of updated asset objects reloaded before import = 0Number of asset objects unloaded after import = 12

========================================================================
Received Import Request.
  Time since last request: 0.000025 seconds.
  path: Assets/polyperfect/Poly Universal Pack/- Prefabs/Farm/dog-house-b.prefab
  artifactKey: Guid(c64a5a665f19aff4e8b36872d043c56d) Importer(815301076,1909f56bfc062723c751e8b465ee728b)
Start importing Assets/polyperfect/Poly Universal Pack/- Prefabs/Farm/dog-house-b.prefab using Guid(c64a5a665f19aff4e8b36872d043c56d) Importer(815301076,1909f56bfc062723c751e8b465ee728b) (PreviewImporter) -> (artifact id: '23b1a18ea79c35762ce08c149d23d637') in 0.0243303 seconds
Number of updated asset objects reloaded before import = 0Number of asset objects unloaded after import = 12

========================================================================
Received Import Request.
  Time since last request: 0.000023 seconds.
  path: Assets/polyperfect/Poly Universal Pack/- Prefabs/Farm/toolbox-wood-open.prefab
  artifactKey: Guid(42cf1d6c887345e4e87c6c5d65f88ff2) Importer(815301076,1909f56bfc062723c751e8b465ee728b)
Start importing Assets/polyperfect/Poly Universal Pack/- Prefabs/Farm/toolbox-wood-open.prefab using Guid(42cf1d6c887345e4e87c6c5d65f88ff2) Importer(815301076,1909f56bfc062723c751e8b465ee728b) (PreviewImporter) -> (artifact id: 'd8e37793251f48aaa69ee4d484b05b82') in 0.0231376 seconds
Number of updated asset objects reloaded before import = 0Number of asset objects unloaded after import = 12

========================================================================
Received Import Request.
  Time since last request: 0.000021 seconds.
  path: Assets/polyperfect/Poly Universal Pack/- Prefabs/Farm/trough-c.prefab
  artifactKey: Guid(69126b22817ce4344944645393ce02d9) Importer(815301076,1909f56bfc062723c751e8b465ee728b)
Start importing Assets/polyperfect/Poly Universal Pack/- Prefabs/Farm/trough-c.prefab using Guid(69126b22817ce4344944645393ce02d9) Importer(815301076,1909f56bfc062723c751e8b465ee728b) (PreviewImporter) -> (artifact id: '71bfdf42d80eac1298e67c60988d946c') in 0.0227052 seconds
Number of updated asset objects reloaded before import = 0Number of asset objects unloaded after import = 12

========================================================================
Received Import Request.
  Time since last request: 0.000027 seconds.
  path: Assets/polyperfect/Poly Universal Pack/- Prefabs/Farm/pole-electric-wire-10m-tri.prefab
  artifactKey: Guid(d0a473b288b1019468924abc64dd2dd1) Importer(815301076,1909f56bfc062723c751e8b465ee728b)
Start importing Assets/polyperfect/Poly Universal Pack/- Prefabs/Farm/pole-electric-wire-10m-tri.prefab using Guid(d0a473b288b1019468924abc64dd2dd1) Importer(815301076,1909f56bfc062723c751e8b465ee728b) (PreviewImporter) -> (artifact id: '1f1727ec17add7aa7006437d571ea28d') in 0.021213 seconds
Number of updated asset objects reloaded before import = 0Number of asset objects unloaded after import = 11

========================================================================
Received Import Request.
  Time since last request: 0.000056 seconds.
  path: Assets/polyperfect/Poly Universal Pack/- Prefabs/Farm/sign-farm-text.prefab
  artifactKey: Guid(1e76d81739d623f48a09c912a26a8981) Importer(815301076,1909f56bfc062723c751e8b465ee728b)
Start importing Assets/polyperfect/Poly Universal Pack/- Prefabs/Farm/sign-farm-text.prefab using Guid(1e76d81739d623f48a09c912a26a8981) Importer(815301076,1909f56bfc062723c751e8b465ee728b) (PreviewImporter) -> (artifact id: 'd50364f70590fff64f885b65cfa1e297') in 0.0228565 seconds
Number of updated asset objects reloaded before import = 0Number of asset objects unloaded after import = 12

========================================================================
Received Import Request.
  Time since last request: 0.000037 seconds.
  path: Assets/polyperfect/Poly Universal Pack/- Prefabs/Farm/trough-a.prefab
  artifactKey: Guid(167564972d729c54fb6bd4557bb68f13) Importer(815301076,1909f56bfc062723c751e8b465ee728b)
Start importing Assets/polyperfect/Poly Universal Pack/- Prefabs/Farm/trough-a.prefab using Guid(167564972d729c54fb6bd4557bb68f13) Importer(815301076,1909f56bfc062723c751e8b465ee728b) (PreviewImporter) -> (artifact id: 'bab242c3a465262cc39b66c329d063c7') in 0.0222514 seconds
Number of updated asset objects reloaded before import = 0Number of asset objects unloaded after import = 12

